d:\github projects\visual studio projects\fluidmechanics\fluidmechanics\x64\debug\fluidmechanics.pch
d:\github projects\visual studio projects\fluidmechanics\fluidmechanics\x64\debug\vc141.pdb
d:\github projects\visual studio projects\fluidmechanics\fluidmechanics\x64\debug\vc141.idb
d:\github projects\visual studio projects\fluidmechanics\fluidmechanics\x64\debug\pch.obj
d:\github projects\visual studio projects\fluidmechanics\fluidmechanics\x64\debug\glad.obj
d:\github projects\visual studio projects\fluidmechanics\fluidmechanics\x64\debug\window.obj
d:\github projects\visual studio projects\fluidmechanics\fluidmechanics\x64\debug\layerstack.obj
d:\github projects\visual studio projects\fluidmechanics\fluidmechanics\x64\debug\layer.obj
d:\github projects\visual studio projects\fluidmechanics\fluidmechanics\x64\debug\imguilayer.obj
d:\github projects\visual studio projects\fluidmechanics\fluidmechanics\x64\debug\event.obj
d:\github projects\visual studio projects\fluidmechanics\fluidmechanics\x64\debug\application.obj
d:\github projects\visual studio projects\fluidmechanics\fluidmechanics\x64\debug\fluidmechanicsapp.obj
d:\github projects\visual studio projects\fluidmechanics\fluidmechanics\x64\debug\fluidmechanics.obj
d:\github projects\visual studio projects\fluidmechanics\fluidmechanics\x64\debug\fluidcube.obj
d:\github projects\visual studio projects\fluidmechanics\fluidmechanics\x64\debug\imgui_impl_opengl3.obj
d:\github projects\visual studio projects\fluidmechanics\fluidmechanics\x64\debug\imgui_impl_glfw.obj
d:\github projects\visual studio projects\fluidmechanics\fluidmechanics\x64\debug\imgui_draw.obj
d:\github projects\visual studio projects\fluidmechanics\fluidmechanics\x64\debug\imgui_demo.obj
d:\github projects\visual studio projects\fluidmechanics\fluidmechanics\x64\debug\imgui.obj
d:\github projects\visual studio projects\fluidmechanics\fluidmechanics\x64\debug\common.obj
d:\github projects\visual studio projects\fluidmechanics\fluidmechanics\x64\debug\fluid2d.obj
d:\github projects\visual studio projects\fluidmechanics\fluidmechanics\x64\debug\fluid2d_org.obj
d:\github projects\visual studio projects\fluidmechanics\x64\debug\fluidmechanics.exe
d:\github projects\visual studio projects\fluidmechanics\x64\debug\fluidmechanics.ilk
d:\github projects\visual studio projects\fluidmechanics\x64\debug\fluidmechanics.pdb
d:\github projects\visual studio projects\fluidmechanics\fluidmechanics\x64\debug\fluidmechanics.tlog\cl.command.1.tlog
d:\github projects\visual studio projects\fluidmechanics\fluidmechanics\x64\debug\fluidmechanics.tlog\cl.read.1.tlog
d:\github projects\visual studio projects\fluidmechanics\fluidmechanics\x64\debug\fluidmechanics.tlog\cl.write.1.tlog
d:\github projects\visual studio projects\fluidmechanics\fluidmechanics\x64\debug\fluidmechanics.tlog\link.6540-cvtres.read.1.tlog
d:\github projects\visual studio projects\fluidmechanics\fluidmechanics\x64\debug\fluidmechanics.tlog\link.6540-cvtres.write.1.tlog
d:\github projects\visual studio projects\fluidmechanics\fluidmechanics\x64\debug\fluidmechanics.tlog\link.6540-rc.read.1.tlog
d:\github projects\visual studio projects\fluidmechanics\fluidmechanics\x64\debug\fluidmechanics.tlog\link.6540-rc.write.1.tlog
d:\github projects\visual studio projects\fluidmechanics\fluidmechanics\x64\debug\fluidmechanics.tlog\link.6540.read.1.tlog
d:\github projects\visual studio projects\fluidmechanics\fluidmechanics\x64\debug\fluidmechanics.tlog\link.6540.write.1.tlog
d:\github projects\visual studio projects\fluidmechanics\fluidmechanics\x64\debug\fluidmechanics.tlog\link.command.1.tlog
d:\github projects\visual studio projects\fluidmechanics\fluidmechanics\x64\debug\fluidmechanics.tlog\link.read.1.tlog
d:\github projects\visual studio projects\fluidmechanics\fluidmechanics\x64\debug\fluidmechanics.tlog\link.write.1.tlog
